<?xml version="1.0" encoding="UTF-8"?>
<!-- Generated by org.testng.reporters.JUnitReportReporter -->
<testsuite hostname="QT-INHD-LT0395" failures="0" tests="2" name="test.GoogleSearchTest" time="11.706" errors="0" timestamp="2022-11-28T10:57:22 IST" skipped="0">
  <testcase classname="test.GoogleSearchTest" name="googleSearch" time="11.480"/>
  <system-out/>
  <testcase classname="test.GoogleSearchTest" name="Login" time="0.226"/>
  <system-out/>
</testsuite> <!-- test.GoogleSearchTest -->
